#! /usr/bin/vvp
:ivl_version "10.3 (stable)";
:ivl_delay_selection "TYPICAL";
:vpi_time_precision + 0;
:vpi_module "system";
:vpi_module "vhdl_sys";
:vpi_module "v2005_math";
:vpi_module "va_math";
S_0x556266b9f0d0 .scope module, "YODA" "YODA" 2 3;
 .timescale 0 0;
P_0x556266bd88f0 .param/l "byteSize" 0 2 7, +C4<000000000000000000000000000000111>;
P_0x556266bd8930 .param/l "len" 0 2 6, +C4<000000000000000000000000000001000>;
v0x556266b9f3b0_0 .var "b", 0 7;
v0x556266bea930_0 .var/i "counter", 31 0;
v0x556266beaa10_0 .var "g", 0 7;
v0x556266beab00_0 .var/i "i", 31 0;
v0x556266beabe0_0 .var "out", 0 7;
v0x556266bead10_0 .var "r", 0 7;
v0x556266beadf0 .array "rom_memory", 8 0, 0 7;
    .scope S_0x556266b9f0d0;
T_0 ;
    %pushi/vec4 0, 0, 32;
    %store/vec4 v0x556266beab00_0, 0, 32;
    %pushi/vec4 1, 0, 32;
    %store/vec4 v0x556266bea930_0, 0, 32;
    %end;
    .thread T_0;
    .scope S_0x556266b9f0d0;
T_1 ;
    %pushi/vec4 3, 0, 8;
    %store/vec4 v0x556266bead10_0, 0, 8;
    %pushi/vec4 7, 0, 8;
    %store/vec4 v0x556266beaa10_0, 0, 8;
    %pushi/vec4 7, 0, 8;
    %store/vec4 v0x556266b9f3b0_0, 0, 8;
    %pushi/vec4 0, 0, 8;
    %store/vec4 v0x556266beabe0_0, 0, 8;
    %vpi_call 2 30 "$readmemh", "ebe.txt", v0x556266beadf0 {0 0 0};
    %pushi/vec4 0, 0, 32;
    %store/vec4 v0x556266beab00_0, 0, 32;
T_1.0 ;
    %load/vec4 v0x556266beab00_0;
    %pad/s 33;
    %cmpi/s 8, 0, 33;
    %flag_or 5, 4;
    %jmp/0xz T_1.1, 5;
    %load/vec4 v0x556266bea930_0;
    %cmpi/e 1, 0, 32;
    %jmp/0xz  T_1.2, 4;
    %vpi_call 2 39 "$display", "%d", &A<v0x556266beadf0, v0x556266beab00_0 > {0 0 0};
    %load/vec4 v0x556266beab00_0;
    %pad/s 33;
    %addi 1, 0, 33;
    %ix/vec4/s 4;
    %load/vec4a v0x556266beadf0, 4;
    %vpi_call 2 40 "$display", "%d", S<0,vec4,u8> {1 0 0};
    %load/vec4 v0x556266beab00_0;
    %pad/s 33;
    %addi 2, 0, 33;
    %ix/vec4/s 4;
    %load/vec4a v0x556266beadf0, 4;
    %vpi_call 2 41 "$display", "%d", S<0,vec4,u8> {1 0 0};
    %pushi/vec4 3, 0, 8;
    %store/vec4 v0x556266bead10_0, 0, 8;
    %pushi/vec4 7, 0, 8;
    %store/vec4 v0x556266beaa10_0, 0, 8;
    %pushi/vec4 7, 0, 8;
    %store/vec4 v0x556266b9f3b0_0, 0, 8;
    %load/vec4 v0x556266bead10_0;
    %ix/getv/s 4, v0x556266beab00_0;
    %load/vec4a v0x556266beadf0, 4;
    %and;
    %store/vec4 v0x556266bead10_0, 0, 8;
    %load/vec4 v0x556266beaa10_0;
    %load/vec4 v0x556266beab00_0;
    %pad/s 33;
    %addi 1, 0, 33;
    %ix/vec4/s 4;
    %load/vec4a v0x556266beadf0, 4;
    %and;
    %store/vec4 v0x556266beaa10_0, 0, 8;
    %load/vec4 v0x556266b9f3b0_0;
    %load/vec4 v0x556266beab00_0;
    %pad/s 33;
    %addi 2, 0, 33;
    %ix/vec4/s 4;
    %load/vec4a v0x556266beadf0, 4;
    %and;
    %store/vec4 v0x556266b9f3b0_0, 0, 8;
    %load/vec4 v0x556266bead10_0;
    %ix/load 4, 6, 0;
    %flag_set/imm 4, 0;
    %shiftl 4;
    %store/vec4 v0x556266bead10_0, 0, 8;
    %load/vec4 v0x556266beaa10_0;
    %ix/load 4, 3, 0;
    %flag_set/imm 4, 0;
    %shiftl 4;
    %store/vec4 v0x556266beaa10_0, 0, 8;
    %load/vec4 v0x556266bead10_0;
    %load/vec4 v0x556266beaa10_0;
    %or;
    %load/vec4 v0x556266b9f3b0_0;
    %or;
    %store/vec4 v0x556266beabe0_0, 0, 8;
    %vpi_call 2 58 "$display", "count = %d , %d ", v0x556266beab00_0, v0x556266beabe0_0 {0 0 0};
T_1.2 ;
    %load/vec4 v0x556266bea930_0;
    %addi 1, 0, 32;
    %store/vec4 v0x556266bea930_0, 0, 32;
    %pushi/vec4 3, 0, 32;
    %load/vec4 v0x556266bea930_0;
    %cmp/s;
    %jmp/0xz  T_1.4, 5;
    %pushi/vec4 1, 0, 32;
    %store/vec4 v0x556266bea930_0, 0, 32;
T_1.4 ;
    %load/vec4 v0x556266beab00_0;
    %addi 1, 0, 32;
    %store/vec4 v0x556266beab00_0, 0, 32;
    %jmp T_1.0;
T_1.1 ;
    %end;
    .thread T_1;
# The file index is used to find the file name in the following table.
:file_names 3;
    "N/A";
    "<interactive>";
    "YODA.v";
